'cpuid': 0, 'Runtime': 9324003}
'cpuid': 0, 'TotalQuantumImbalance': 9272303}
'cpuid': 0, 'QuantumRounds': 21}
'cpuid': 0, 'TotalQuanta': 0}
'cpuid': 0, 'QuantumRoundCommits': 0}
'cpuid': 0, 'AverageInsnsPerQuantum': 0}
'cpuid': 0, 'AverageCyclesPerQuantum': 0}
'cpuid': 0, 'SyncInducedRoundBoundaries': 0}
'cpuid': 0, 'StoreBufferOverflows': 0}
'cpuid': 0, 'InsnCountInducedRoundBoundaries': 0}
'cpuid': 0, 'numReadHits': 896383}
'cpuid': 0, 'numReadRemoteHits': 139}
'cpuid': 0, 'numReadMisses': 31527}
'cpuid': 0, 'numWriteHits': 329121}
'cpuid': 0, 'numWriteRemoteHits': 55}
'cpuid': 0, 'numWriteMisses': 2298}
'cpuid': 0, 'numUpgradeMisses': 59}
'cpuid': 0, 'numTotalMemoryAccesses': 1259582}
'cpuid': 0, 'numL1Evictions': 0}
'cpuid': 0, 'numL2Evictions': 0}
'cpuid': 0, 'numDirtyDataEvictions': 0}
'cpuid': 0, 'numSyncSources': 0}
'cpuid': 0, 'numSyncTotalSinks': 0}
'cpuid': 0, 'numSyncSourcelessSinks': 0}
'cpuid': 0, 'numSyncUnmatchedSinks': 0}
'cpuid': 1, 'numReadHits': 4562}
'cpuid': 1, 'numReadRemoteHits': 167}
'cpuid': 1, 'numReadMisses': 135}
'cpuid': 1, 'numWriteHits': 2552}
'cpuid': 1, 'numWriteRemoteHits': 36}
'cpuid': 1, 'numWriteMisses': 40}
'cpuid': 1, 'numUpgradeMisses': 29}
'cpuid': 1, 'numTotalMemoryAccesses': 7521}
'cpuid': 1, 'numL1Evictions': 0}
'cpuid': 1, 'numL2Evictions': 0}
'cpuid': 1, 'numDirtyDataEvictions': 0}
'cpuid': 1, 'numSyncSources': 0}
'cpuid': 1, 'numSyncTotalSinks': 0}
'cpuid': 1, 'numSyncSourcelessSinks': 0}
'cpuid': 1, 'numSyncUnmatchedSinks': 0}
'SimulationRunningTimeMinutes': 0.1}
'maxLiveThreads': 3}
'numSpawnedThreads': 4}
'numStackAccesses': 593501}
'numTotalInstructions': 4055722}
'causalityInducedEventDelays': 0}
'unprocessedEvents': 0}
'forcedCommits': 0}
